<?xml version="1.0" encoding="UTF-8"?>
<!-- Generated by org.testng.reporters.JUnitReportReporter -->
<testsuite hostname="PNQ1-LPD916N13" failures="0" tests="1" name="com.mobile.login.Generate_Token" time="0.902" errors="0" timestamp="2021-05-22T12:46:23 IST" skipped="0">
  <testcase classname="com.mobile.login.Generate_Token" name="generateToken" time="0.902"/>
  <system-out/>
</testsuite> <!-- com.mobile.login.Generate_Token -->
