<?xml version="1.0" encoding="UTF-8"?>
<!-- Generated by org.testng.reporters.JUnitReportReporter -->
<testsuite hostname="PNQ1-LPD916N13" failures="0" tests="1" name="com.mobile.login.Do_The_Login" time="0.924" errors="0" timestamp="2021-05-21T15:13:44 IST" skipped="0">
  <testcase classname="com.mobile.login.Do_The_Login" name="generateToken" time="0.924"/>
  <system-out/>
</testsuite> <!-- com.mobile.login.Do_The_Login -->
