<?xml version="1.0" encoding="UTF-8"?>
<!-- Generated by org.testng.reporters.JUnitReportReporter -->
<testsuite hostname="PNQ1-LPD916N13" failures="0" tests="3" name="com.mobile.base.VerifyLoginPage" time="4.725" errors="0" timestamp="2021-05-22T13:39:36 IST" skipped="0">
  <testcase classname="com.mobile.base.VerifyLoginPage" name="LoginWithInvalidPassword" time="0.006"/>
  <system-out/>
  <testcase classname="com.mobile.base.VerifyLoginPage" name="LoginWithInvalidUsername" time="0.001"/>
  <system-out/>
  <testcase classname="com.mobile.base.VerifyLoginPage" name="LoginWithValidUsernameAndPassword" time="4.718"/>
  <system-out/>
</testsuite> <!-- com.mobile.base.VerifyLoginPage -->
