<?xml version="1.0" encoding="UTF-8"?>
<!-- Generated by org.testng.reporters.JUnitReportReporter -->
<testsuite hostname="PNQ1-LPD916N13" failures="0" tests="1" name="com.mobile.base.GenerateToken" time="0.827" errors="0" timestamp="2021-05-22T13:39:36 IST" skipped="0">
  <testcase classname="com.mobile.base.GenerateToken" name="generateToken" time="0.827"/>
  <system-out/>
</testsuite> <!-- com.mobile.base.GenerateToken -->
