<?xml version="1.0" encoding="UTF-8"?>
<!-- Generated by org.testng.reporters.JUnitReportReporter -->
<testsuite hostname="PNQ1-LPD916N13" failures="0" tests="4" name="com.mobile.modules.VerifyPlanBalances" time="16.060" errors="0" timestamp="2022-02-04T17:56:55 IST" skipped="0">
  <testcase classname="com.mobile.modules.VerifyPlanBalances" name="verifyPlanBalances" time="1.686"/>
  <system-out/>
  <testcase classname="com.mobile.modules.VerifyPlanBalances" name="loginAndGenerateToken" time="4.923"/>
  <system-out/>
  <testcase classname="com.mobile.modules.VerifyPlanBalances" name="loginAndGenerateToken" time="7.583"/>
  <system-out/>
  <testcase classname="com.mobile.modules.VerifyPlanBalances" name="verifyPlanBalances" time="1.868"/>
  <system-out/>
</testsuite> <!-- com.mobile.modules.VerifyPlanBalances -->
