<?xml version="1.0" encoding="UTF-8"?>
<!-- Generated by org.testng.reporters.JUnitReportReporter -->
<testsuite hostname="PNQ1-LPD916N13" failures="0" tests="1" name="com.mobile.modules.Verify_Plan_Balances" time="0.968" errors="0" timestamp="2021-05-22T12:46:23 IST" skipped="0">
  <testcase classname="com.mobile.modules.Verify_Plan_Balances" name="verifyPlanBalances" time="0.968"/>
  <system-out/>
</testsuite> <!-- com.mobile.modules.Verify_Plan_Balances -->
