<?xml version="1.0" encoding="UTF-8"?>
<!-- Generated by org.testng.reporters.JUnitReportReporter -->
<testsuite hostname="PNQ1-LPD916N13" failures="0" tests="1" name="com.mobile.login.GenerateToken" time="0.758" errors="0" timestamp="2021-05-22T13:02:22 IST" skipped="0">
  <testcase classname="com.mobile.login.GenerateToken" name="generateToken" time="0.758"/>
  <system-out/>
</testsuite> <!-- com.mobile.login.GenerateToken -->
