<?xml version="1.0" encoding="UTF-8"?>
<!-- Generated by org.testng.reporters.JUnitReportReporter -->
<testsuite hostname="PNQ1-LPD916N13" failures="0" tests="3" name="com.mobile.login.VerifyLoginPage" time="4.175" errors="0" timestamp="2021-05-22T13:02:23 IST" skipped="0">
  <testcase classname="com.mobile.login.VerifyLoginPage" name="LoginWithInvalidUsername" time="0.001"/>
  <system-out/>
  <testcase classname="com.mobile.login.VerifyLoginPage" name="LoginWithInvalidPassword" time="0.008"/>
  <system-out/>
  <testcase classname="com.mobile.login.VerifyLoginPage" name="LoginWithValidUsernameAndPassword" time="4.166"/>
  <system-out/>
</testsuite> <!-- com.mobile.login.VerifyLoginPage -->
