<?xml version="1.0" encoding="UTF-8"?>
<!-- Generated by org.testng.reporters.JUnitReportReporter -->
<testsuite hostname="PNQ1-LPD916N13" failures="0" tests="1" name="com.mobile.login.Get_Request_Login" time="9.647" errors="0" timestamp="2021-05-05T11:42:29 IST" skipped="0">
  <testcase classname="com.mobile.login.Get_Request_Login" name="getLoginPage" time="9.647"/>
  <system-out/>
</testsuite> <!-- com.mobile.login.Get_Request_Login -->
