<?xml version="1.0" encoding="UTF-8"?>
<!-- Generated by org.testng.reporters.JUnitReportReporter -->
<testsuite hostname="PNQ1-LPD916N13" failures="0" tests="4" name="com.mobile.modules.VerifyPlanBalances3" time="14.909" errors="0" timestamp="2022-01-13T17:17:27 IST" skipped="0">
  <testcase classname="com.mobile.modules.VerifyPlanBalances3" name="loginAndGenerateToken" time="4.461"/>
  <system-out/>
  <testcase classname="com.mobile.modules.VerifyPlanBalances3" name="loginAndGenerateToken" time="7.262"/>
  <system-out/>
  <testcase classname="com.mobile.modules.VerifyPlanBalances3" name="verifyPlanBalances" time="1.524"/>
  <system-out/>
  <testcase classname="com.mobile.modules.VerifyPlanBalances3" name="verifyPlanBalances" time="1.662"/>
  <system-out/>
</testsuite> <!-- com.mobile.modules.VerifyPlanBalances3 -->
