<?xml version="1.0" encoding="UTF-8"?>
<!-- Generated by org.testng.reporters.JUnitReportReporter -->
<testsuite hostname="PNQ1-LPD916N13" failures="0" tests="1" name="com.mobile.login.Get_Generate_Token" time="0.907" errors="0" timestamp="2021-05-11T13:23:49 IST" skipped="0">
  <testcase classname="com.mobile.login.Get_Generate_Token" name="generateToken" time="0.907"/>
  <system-out/>
</testsuite> <!-- com.mobile.login.Get_Generate_Token -->
