<?xml version="1.0" encoding="UTF-8"?>
<!-- Generated by org.testng.reporters.JUnitReportReporter -->
<testsuite hostname="PNQ1-LPD916N13" failures="0" tests="1" name="com.mobile.login.Get_Verify_Login_Page" time="2.542" errors="0" timestamp="2021-05-11T13:23:49 IST" skipped="0">
  <testcase classname="com.mobile.login.Get_Verify_Login_Page" name="VerifyLoginPage" time="2.542"/>
  <system-out/>
</testsuite> <!-- com.mobile.login.Get_Verify_Login_Page -->
