<?xml version="1.0" encoding="UTF-8"?>
<!-- Generated by org.testng.reporters.JUnitReportReporter -->
<testsuite hostname="PNQ1-LPD916N13" failures="0" tests="3" name="com.mobile.login.Post_DoTheLogin" time="2.845" errors="0" timestamp="2021-05-11T13:23:49 IST" skipped="0">
  <testcase classname="com.mobile.login.Post_DoTheLogin" name="LoginWithValidUsernameAndPassword" time="2.843"/>
  <system-out/>
  <testcase classname="com.mobile.login.Post_DoTheLogin" name="LoginWithInvalidPassword" time="0.001"/>
  <system-out/>
  <testcase classname="com.mobile.login.Post_DoTheLogin" name="LoginWithInvalidUsername" time="0.001"/>
  <system-out/>
</testsuite> <!-- com.mobile.login.Post_DoTheLogin -->
