<?xml version="1.0" encoding="UTF-8"?>
<!-- Generated by org.testng.reporters.JUnitReportReporter -->
<testsuite hostname="PNQ1-LPD916N13" failures="0" tests="1" name="com.mystore.testcases.MyWishListPageTest" time="13.798" errors="0" timestamp="09 Sep 2020 07:11:34 GMT" skipped="0">
  <testcase classname="com.mystore.testcases.MyWishListPageTest" name="verifyMyWishListPageTest" time="13.798"/>
</testsuite> <!-- com.mystore.testcases.MyWishListPageTest -->
