<?xml version="1.0" encoding="UTF-8"?>
<!-- Generated by org.testng.reporters.JUnitReportReporter -->
<testsuite hostname="PNQ1-LPD916N13" failures="0" tests="1" name="com.mystore.testcases.LoginPageTest" time="5.818" errors="0" timestamp="16 Sep 2020 14:44:30 GMT" skipped="0">
  <testcase classname="com.mystore.testcases.LoginPageTest" name="loginApp" time="5.818"/>
</testsuite> <!-- com.mystore.testcases.LoginPageTest -->
