<?xml version="1.0" encoding="UTF-8"?>
<!-- Generated by org.testng.reporters.JUnitReportReporter -->
<testsuite skipped="0" hostname="DESKTOP-9EVS9P3" name="com.mystore.testcases.LoginTestMyStore" tests="1" failures="0" timestamp="07 May 2020 12:27:44 GMT" time="42.542" errors="0">
  <testcase name="loginApp" time="42.542" classname="com.mystore.testcases.LoginTestMyStore"/>
</testsuite> <!-- com.mystore.testcases.LoginTestMyStore -->
