<?xml version="1.0" encoding="UTF-8"?>
<!-- Generated by org.testng.reporters.JUnitReportReporter -->
<testsuite hostname="PNQ1-LPD916N13" failures="0" tests="3" name="com.mobile.login.Verify_Login_Page" time="10.173" errors="0" timestamp="2021-05-22T12:46:23 IST" skipped="0">
  <testcase classname="com.mobile.login.Verify_Login_Page" name="LoginWithInvalidUsername" time="0.001"/>
  <system-out/>
  <testcase classname="com.mobile.login.Verify_Login_Page" name="LoginWithInvalidPassword" time="0.009"/>
  <system-out/>
  <testcase classname="com.mobile.login.Verify_Login_Page" name="LoginWithValidUsernameAndPassword" time="10.163"/>
  <system-out/>
</testsuite> <!-- com.mobile.login.Verify_Login_Page -->
