<?xml version="1.0" encoding="UTF-8"?>
<!-- Generated by org.testng.reporters.JUnitReportReporter -->
<testsuite hostname="PNQ1-LPD916N13" failures="0" tests="1" name="com.mobile.modules.VerifyPlanInformation" time="49.285" errors="0" timestamp="2021-05-28T17:57:33 IST" skipped="0">
  <testcase classname="com.mobile.modules.VerifyPlanInformation" name="verifyPlanInformation" time="49.285"/>
  <system-out/>
</testsuite> <!-- com.mobile.modules.VerifyPlanInformation -->
